<?xml version="1.0" encoding="UTF-8"?>
<!-- Generated by org.testng.reporters.JUnitXMLReporter -->
<testsuite ignored="0" hostname="LAPTOP-P3Q25GVB" failures="0" tests="11" name="Default test" time="22.974" errors="0" timestamp="2024-03-27T09:09:14 IST">
  <testcase classname="shoppersStack.Shopper" name="viewProducts" time="6.893"/>
  <testcase classname="shoppersStack.Shopper" name="ShopperLogin" time="1.855"/>
  <testcase classname="shoppersStack.Shopper" name="AddProductToCart" time="1.458"/>
  <testcase classname="shoppersStack.Shopper" name="getProductFromCart" time="1.679"/>
  <testcase classname="shoppersStack.Shopper" name="updateProductIncart" time="1.6"/>
  <testcase classname="shoppersStack.Shopper" name="addAddress" time="1.554"/>
  <testcase classname="shoppersStack.Shopper" name="placeOrder" time="1.638"/>
  <testcase classname="shoppersStack.Shopper" name="updateorderStatus" time="1.488"/>
  <testcase classname="shoppersStack.Shopper" name="addReview" time="1.867"/>
  <testcase classname="shoppersStack.Shopper" name="deleteReview" time="1.353"/>
  <testcase classname="shoppersStack.Shopper" name="deleteAddress" time="1.476"/>
</testsuite> <!-- Default test -->
