<?xml version="1.0" encoding="UTF-8"?>
<testng-results ignored="0" total="11" passed="11" failed="0" skipped="0">
  <reporter-output>
  </reporter-output>
  <suite started-at="2024-03-27T09:08:51 IST" name="Default suite" finished-at="2024-03-27T09:09:14 IST" duration-ms="22974">
    <groups>
    </groups>
    <test started-at="2024-03-27T09:08:51 IST" name="Default test" finished-at="2024-03-27T09:09:14 IST" duration-ms="22974">
      <class name="shoppersStack.Shopper">
        <test-method signature="viewProducts()[pri:0, instance:shoppersStack.Shopper@1ab3a8c8]" started-at="2024-03-27T09:08:51 IST" name="viewProducts" finished-at="2024-03-27T09:08:58 IST" duration-ms="6893" status="PASS">
          <reporter-output>
          </reporter-output>
        </test-method> <!-- viewProducts -->
        <test-method signature="ShopperLogin()[pri:1, instance:shoppersStack.Shopper@1ab3a8c8]" started-at="2024-03-27T09:08:58 IST" name="ShopperLogin" finished-at="2024-03-27T09:08:59 IST" duration-ms="1855" status="PASS">
          <reporter-output>
          </reporter-output>
        </test-method> <!-- ShopperLogin -->
        <test-method signature="AddProductToCart()[pri:3, instance:shoppersStack.Shopper@1ab3a8c8]" started-at="2024-03-27T09:08:59 IST" name="AddProductToCart" finished-at="2024-03-27T09:09:01 IST" duration-ms="1458" status="PASS">
          <reporter-output>
          </reporter-output>
        </test-method> <!-- AddProductToCart -->
        <test-method signature="getProductFromCart()[pri:4, instance:shoppersStack.Shopper@1ab3a8c8]" started-at="2024-03-27T09:09:01 IST" name="getProductFromCart" finished-at="2024-03-27T09:09:03 IST" duration-ms="1679" status="PASS">
          <reporter-output>
          </reporter-output>
        </test-method> <!-- getProductFromCart -->
        <test-method signature="updateProductIncart()[pri:5, instance:shoppersStack.Shopper@1ab3a8c8]" started-at="2024-03-27T09:09:03 IST" name="updateProductIncart" finished-at="2024-03-27T09:09:04 IST" duration-ms="1600" status="PASS">
          <reporter-output>
          </reporter-output>
        </test-method> <!-- updateProductIncart -->
        <test-method signature="addAddress()[pri:6, instance:shoppersStack.Shopper@1ab3a8c8]" started-at="2024-03-27T09:09:04 IST" name="addAddress" finished-at="2024-03-27T09:09:06 IST" duration-ms="1554" status="PASS">
          <reporter-output>
          </reporter-output>
        </test-method> <!-- addAddress -->
        <test-method signature="placeOrder()[pri:7, instance:shoppersStack.Shopper@1ab3a8c8]" started-at="2024-03-27T09:09:06 IST" name="placeOrder" finished-at="2024-03-27T09:09:07 IST" duration-ms="1638" status="PASS">
          <reporter-output>
          </reporter-output>
        </test-method> <!-- placeOrder -->
        <test-method signature="updateorderStatus()[pri:8, instance:shoppersStack.Shopper@1ab3a8c8]" started-at="2024-03-27T09:09:07 IST" name="updateorderStatus" finished-at="2024-03-27T09:09:09 IST" duration-ms="1488" status="PASS">
          <reporter-output>
          </reporter-output>
        </test-method> <!-- updateorderStatus -->
        <test-method signature="addReview()[pri:9, instance:shoppersStack.Shopper@1ab3a8c8]" started-at="2024-03-27T09:09:09 IST" name="addReview" finished-at="2024-03-27T09:09:11 IST" duration-ms="1867" status="PASS">
          <reporter-output>
          </reporter-output>
        </test-method> <!-- addReview -->
        <test-method signature="deleteReview()[pri:10, instance:shoppersStack.Shopper@1ab3a8c8]" started-at="2024-03-27T09:09:11 IST" name="deleteReview" finished-at="2024-03-27T09:09:12 IST" duration-ms="1353" status="PASS">
          <reporter-output>
          </reporter-output>
        </test-method> <!-- deleteReview -->
        <test-method signature="deleteAddress()[pri:11, instance:shoppersStack.Shopper@1ab3a8c8]" started-at="2024-03-27T09:09:12 IST" name="deleteAddress" finished-at="2024-03-27T09:09:14 IST" duration-ms="1476" status="PASS">
          <reporter-output>
          </reporter-output>
        </test-method> <!-- deleteAddress -->
      </class> <!-- shoppersStack.Shopper -->
    </test> <!-- Default test -->
  </suite> <!-- Default suite -->
</testng-results>
